<?xml version="1.0" encoding="UTF-8"?>
<beans xmlns="http://www.springframework.org/schema/beans"
    xmlns:xsi="http://www.w3.org/2001/XMLSchema-instance" xmlns:p="http://www.springframework.org/schema/p"
    xmlns:context="http://www.springframework.org/schema/context"

    xsi:schemaLocation="
    http://www.springframework.org/schema/beans
    http://www.springframework.org/schema/beans/spring-beans.xsd
    http://www.springframework.org/schema/context
    http://www.springframework.org/schema/context/spring-context.xsd">

    <context:component-scan base-package="org.ovirt.engine" />
    <context:annotation-config />

	<bean class="org.ovirt.engine.core.dal.dbbroker.DbFacade"/>
	<bean class="org.ovirt.engine.core.dal.dbbroker.DbFacadeLocator"/>
	
    <bean id="transactionManagerJPA" class="org.springframework.orm.jpa.JpaTransactionManager">
        <property name="entityManagerFactory" ref="entityManagerFactory" />
    </bean>

    <bean name="transactionManager"
        class="org.springframework.jdbc.datasource.DataSourceTransactionManager">
        <constructor-arg ref="DataSource" />
    </bean>
 
    <bean id="DataSource" class="org.ovirt.engine.core.dao.BaseDAOTestCase"
        factory-method="getDataSource" />

    <bean id="entityManagerFactory"
        class="org.springframework.orm.jpa.LocalContainerEntityManagerFactoryBean">
        <property name="dataSource" ref="DataSource" />
        <property name="packagesToScan"
            value="org.ovirt.engine.core.common.businessentities" />
        <property name="jpaVendorAdapter">
            <bean class="org.springframework.orm.jpa.vendor.HibernateJpaVendorAdapter" />
        </property>
        <property name="jpaProperties">
            <props>
                <prop key="hibernate.dialect">org.hibernate.dialect.PostgreSQLDialect</prop>
            </props>
        </property>
    </bean>

</beans>